Case #1: SSSSSSNNNWSNE
Case #2: SSSSSSNNNESNW
Case #3: 0
Case #4: SSSSSSSNNNN
Case #5: 0
Case #6: SSSSSSSNNNNS
Case #7: 0
Case #8: 0
Case #9: SSSSSSNSNENW
Case #10: 0
Case #11: 0
Case #12: SSSSSSSSNSNNN
Case #13: SNNSNNNNNNNN
Case #14: 0
Case #15: 0
Case #16: SSSSSSSSENWNN
Case #17: SSSSSSNWSWNN
Case #18: WWWWWWWWWWWWW
Case #19: 0
Case #20: SSSSSSSNNENW
Case #21: 0
Case #22: SSSSSSSSWENNN
Case #23: 0
Case #24: SSSSSNSWSSSE
Case #25: SSNNNWENEEEEE
Case #26: SSSSSSWWWNNE
Case #27: 0
Case #28: SSSSSSSNNEWN
Case #29: 0
Case #30: SSSSSSSSSNNNN
Case #31: SSSSSSSNNWEN
Case #32: SSSSSSNEEESNN
Case #33: SSSSSSSSNWENN
Case #34: SSSNNNEENEEN
Case #35: 0
Case #36: SSSSSSSNNNEW
Case #37: 0
Case #38: SSSSSSSNNNWE
Case #39: 0
Case #40: SSSSSNENESENN
Case #41: SSSSSSNNNNESW
Case #42: NNNENNNNNNNN
Case #43: SSSSSSSSNNSNN
Case #44: SSSSSSSWNSWN
Case #45: 0
Case #46: SSSSSNNEESEN
Case #47: SSSSSSSSEWNNN
Case #48: SSSNNNSNNENEE
Case #49: SSSSNNNWWSWWN
Case #50: SSSSSSSSNEWNN
