Case #1: SEWEN
Case #2: SWEWN
Case #3: EWWEENNEENNEENNEENNE
Case #4: ESWENWNWNWNWNWNW
Case #5: ESWENNENE
Case #6: EWWEWSSWWSSWWSSWWSSW
Case #7: EWSNESSEESSESSS
Case #8: SW
Case #9: EW
Case #10: NWEENNENEEEE
Case #11: EWWENSWSWSWSWSWSS
Case #12: WE
Case #13: SNS
Case #14: NWE
Case #15: NSNSNSSSS
Case #16: EWWESNSSSSS
Case #17: NSSSSSSS
Case #18: SNSNSESESSS
Case #19: SWNNWNWNWNWW
Case #20: NSEWWSSWWSWWWWW
Case #21: SEWNSNSNWNWNNNN
Case #22: WSNEWSEES
Case #23: SEWENNEENNENN
Case #24: WSN
Case #25: WWEEE
Case #26: NSNSNSNSNENNNNN
Case #27: NS
Case #28: NW
Case #29: NSEWEWNENENENEN
Case #30: EEEEEEEEEEE
Case #31: SEW
Case #32: WWEWWWWW
Case #33: ESW
Case #34: WS
Case #35: ES
Case #36: WEW
Case #37: EWWEEWWEEEEEEEE
Case #38: SWENSWEWNWWWW
Case #39: SNWESWSWSWSWSWWW
Case #40: WWEWEWEEEEEEE
Case #41: NSWENSWEWESESESESESES
Case #42: NSWEESSEESSEES
Case #43: SWE
Case #44: SSEESSEESSEESSES
Case #45: NSSWWSWSWWWWWW
Case #46: ESWNSEWNSSWSWSWSWWW
Case #47: SN
Case #48: NSNSNSNWNWNWNWNWN
Case #49: SSEEEEEEEE
Case #50: ENNENENE
